<?xml version="1.0" encoding="UTF-8"?>
<!-- Generated by org.testng.reporters.JUnitXMLReporter -->
<testsuite ignored="2" hostname="LAPTOP-BJLM547G" failures="0" tests="1" name="Test" time="40.993" errors="0" timestamp="2024-02-17T07:39:30 IST">
  <testcase classname="tests.TC_ProductPageTest" name="verifyTextOnHomePage" time="10.558"/>
  <testcase classname="tests.TC_ProductPageTest" name="VerifyBuyProduct" time="0.0">
    <ignored/>
  </testcase> <!-- VerifyBuyProduct -->
  <testcase classname="tests.TC_ProductPageTest" name="VerifySearchProduct" time="0.0">
    <ignored/>
  </testcase> <!-- VerifySearchProduct -->
</testsuite> <!-- Test -->
