<?xml version="1.0" encoding="UTF-8"?>
<testng-results ignored="2" total="3" passed="1" failed="0" skipped="0">
  <reporter-output>
  </reporter-output>
  <suite started-at="2024-02-17T07:38:49 IST" name="Suite" finished-at="2024-02-17T07:39:30 IST" duration-ms="40993">
    <groups>
    </groups>
    <test started-at="2024-02-17T07:38:49 IST" name="Test" finished-at="2024-02-17T07:39:30 IST" duration-ms="40993">
      <class name="tests.TC_ProductPageTest">
        <test-method is-config="true" signature="getbrowserURL()[pri:0, instance:tests.TC_ProductPageTest@79924b]" started-at="2024-02-17T07:39:03 IST" name="getbrowserURL" finished-at="2024-02-17T07:39:19 IST" duration-ms="15224" status="PASS">
          <reporter-output>
          </reporter-output>
        </test-method> <!-- getbrowserURL -->
        <test-method signature="verifyTextOnHomePage()[pri:0, instance:tests.TC_ProductPageTest@79924b]" started-at="2024-02-17T07:39:19 IST" name="verifyTextOnHomePage" finished-at="2024-02-17T07:39:29 IST" duration-ms="10558" status="PASS">
          <reporter-output>
          </reporter-output>
        </test-method> <!-- verifyTextOnHomePage -->
        <test-method is-config="true" signature="teardown()[pri:0, instance:tests.TC_ProductPageTest@79924b]" started-at="2024-02-17T07:39:29 IST" name="teardown" finished-at="2024-02-17T07:39:30 IST" duration-ms="656" status="PASS">
          <reporter-output>
          </reporter-output>
        </test-method> <!-- teardown -->
      </class> <!-- tests.TC_ProductPageTest -->
    </test> <!-- Test -->
  </suite> <!-- Suite -->
</testng-results>
