<?xml version="1.0" encoding="UTF-8"?>
<testng-results ignored="2" total="3" passed="1" failed="0" skipped="0">
  <reporter-output>
  </reporter-output>
  <suite started-at="2024-02-16T14:53:31 IST" name="Suite" finished-at="2024-02-16T14:54:12 IST" duration-ms="41374">
    <groups>
    </groups>
    <test started-at="2024-02-16T14:53:31 IST" name="Test" finished-at="2024-02-16T14:54:12 IST" duration-ms="41374">
      <class name="tests.TC_ProductPageTest">
        <test-method is-config="true" signature="getbrowserURL()[pri:0, instance:tests.TC_ProductPageTest@2df3b89c]" started-at="2024-02-16T14:53:46 IST" name="getbrowserURL" finished-at="2024-02-16T14:54:01 IST" duration-ms="15114" status="PASS">
          <reporter-output>
          </reporter-output>
        </test-method> <!-- getbrowserURL -->
        <test-method signature="verifyTextOnHomePage()[pri:0, instance:tests.TC_ProductPageTest@2df3b89c]" started-at="2024-02-16T14:54:01 IST" name="verifyTextOnHomePage" finished-at="2024-02-16T14:54:11 IST" duration-ms="10566" status="PASS">
          <reporter-output>
          </reporter-output>
        </test-method> <!-- verifyTextOnHomePage -->
        <test-method is-config="true" signature="teardown()[pri:0, instance:tests.TC_ProductPageTest@2df3b89c]" started-at="2024-02-16T14:54:11 IST" name="teardown" finished-at="2024-02-16T14:54:12 IST" duration-ms="642" status="PASS">
          <reporter-output>
          </reporter-output>
        </test-method> <!-- teardown -->
      </class> <!-- tests.TC_ProductPageTest -->
    </test> <!-- Test -->
  </suite> <!-- Suite -->
</testng-results>
